read complete
read done
Map {
  '0_1' => 4.47213595499958,
  '1_0' => 4.47213595499958,
  '0_2' => 21.2602916254693,
  '2_0' => 21.2602916254693,
  '0_3' => 7.0710678118654755,
  '3_0' => 7.0710678118654755,
  '0_4' => 20.024984394500787,
  '4_0' => 20.024984394500787,
  '1_2' => 20,
  '2_1' => 20,
  '1_3' => 7.0710678118654755,
  '3_1' => 7.0710678118654755,
  '1_4' => 16.278820596099706,
  '4_1' => 16.278820596099706,
  '2_3' => 14.212670403551895,
  '3_2' => 14.212670403551895,
  '2_4' => 13.601470508735444,
  '4_2' => 13.601470508735444,
  '3_4' => 15.524174696260024,
  '4_3' => 15.524174696260024 }
Map {
  '0' => [ 0, 0 ],
  '1' => [ Infinity, Infinity ],
  '2' => [ Infinity, Infinity ],
  '3' => [ Infinity, Infinity ],
  '4' => [ Infinity, Infinity ] }
-----------------------------
SIZE of SET 2
-----
          -----
          SET 01
               -----
               jElem 0
               
               -----
               jElem 1
               
               pathWithoutJKey 0
               pathWithoutJKey value [ 0, 0 ]
                     A[S - 1, 0] 0
                     A[S - 1, 1] 0
               A[S,1] 4.47213595499958
          -----
          -----
          SET 02
               -----
               jElem 0
               
               -----
               jElem 2
               
               pathWithoutJKey 0
               pathWithoutJKey value [ 0, 0 ]
                     A[S - 1, 0] 0
                     A[S - 1, 1] 0
               A[S,1] 21.2602916254693
          -----
          -----
          SET 03
               -----
               jElem 0
               
               -----
               jElem 3
               
               pathWithoutJKey 0
               pathWithoutJKey value [ 0, 0 ]
                     A[S - 1, 0] 0
                     A[S - 1, 1] 0
               A[S,1] 7.0710678118654755
          -----
          -----
          SET 04
               -----
               jElem 0
               
               -----
               jElem 4
               
               pathWithoutJKey 0
               pathWithoutJKey value [ 0, 0 ]
                     A[S - 1, 0] 0
                     A[S - 1, 1] 0
               A[S,1] 20.024984394500787
          -----
          -----
          SET 12
          SKIPPED...
          -----
          SET 13
          SKIPPED...
          -----
          SET 14
          SKIPPED...
          -----
          SET 23
          SKIPPED...
          -----
          SET 24
          SKIPPED...
          -----
          SET 34
          SKIPPED...
-----------------------------
SIZE of SET 3
-----
          -----
          SET 012
               -----
               jElem 0
               
               -----
               jElem 1
               
               pathWithoutJKey 02
               pathWithoutJKey value [ <1 empty item>, 21.2602916254693 ]
                     A[S - 1, 0] undefined
                     A[S - 1, 1] 21.2602916254693
                     A[S - 1, 2] undefined
               A[S,1] Infinity
               -----
               jElem 2
               
               pathWithoutJKey 01
               pathWithoutJKey value [ <1 empty item>, 4.47213595499958 ]
                     A[S - 2, 0] undefined
                     A[S - 2, 1] 4.47213595499958
                     A[S - 2, 2] undefined
               A[S,2] 24.47213595499958
          -----
          -----
          SET 013
               -----
               jElem 0
               
               -----
               jElem 1
               
               pathWithoutJKey 03
               pathWithoutJKey value [ <1 empty item>, 7.0710678118654755 ]
                     A[S - 1, 0] undefined
                     A[S - 1, 1] 7.0710678118654755
                     A[S - 1, 2] undefined
               A[S,1] Infinity
               -----
               jElem 3
               
               pathWithoutJKey 01
               pathWithoutJKey value [ <1 empty item>, 4.47213595499958 ]
                     A[S - 2, 0] undefined
                     A[S - 2, 1] 4.47213595499958
                     A[S - 2, 2] undefined
               A[S,2] 11.543203766865055
          -----
          -----
          SET 014
               -----
               jElem 0
               
               -----
               jElem 1
               
               pathWithoutJKey 04
               pathWithoutJKey value [ <1 empty item>, 20.024984394500787 ]
                     A[S - 1, 0] undefined
                     A[S - 1, 1] 20.024984394500787
                     A[S - 1, 2] undefined
               A[S,1] Infinity
               -----
               jElem 4
               
               pathWithoutJKey 01
               pathWithoutJKey value [ <1 empty item>, 4.47213595499958 ]
                     A[S - 2, 0] undefined
                     A[S - 2, 1] 4.47213595499958
                     A[S - 2, 2] undefined
               A[S,2] 20.750956551099286
          -----
          -----
          SET 023
               -----
               jElem 0
               
               -----
               jElem 2
               
               pathWithoutJKey 03
               pathWithoutJKey value [ <1 empty item>, 7.0710678118654755 ]
                     A[S - 1, 0] undefined
                     A[S - 1, 1] 7.0710678118654755
                     A[S - 1, 2] undefined
               A[S,1] Infinity
               -----
               jElem 3
               
               pathWithoutJKey 02
               pathWithoutJKey value [ <1 empty item>, 21.2602916254693 ]
                     A[S - 2, 0] undefined
                     A[S - 2, 1] 21.2602916254693
                     A[S - 2, 2] undefined
               A[S,2] 35.4729620290212
          -----
          -----
          SET 024
               -----
               jElem 0
               
               -----
               jElem 2
               
               pathWithoutJKey 04
               pathWithoutJKey value [ <1 empty item>, 20.024984394500787 ]
                     A[S - 1, 0] undefined
                     A[S - 1, 1] 20.024984394500787
                     A[S - 1, 2] undefined
               A[S,1] Infinity
               -----
               jElem 4
               
               pathWithoutJKey 02
               pathWithoutJKey value [ <1 empty item>, 21.2602916254693 ]
                     A[S - 2, 0] undefined
                     A[S - 2, 1] 21.2602916254693
                     A[S - 2, 2] undefined
               A[S,2] 34.861762134204746
          -----
          -----
          SET 034
               -----
               jElem 0
               
               -----
               jElem 3
               
               pathWithoutJKey 04
               pathWithoutJKey value [ <1 empty item>, 20.024984394500787 ]
                     A[S - 1, 0] undefined
                     A[S - 1, 1] 20.024984394500787
                     A[S - 1, 2] undefined
               A[S,1] Infinity
               -----
               jElem 4
               
               pathWithoutJKey 03
               pathWithoutJKey value [ <1 empty item>, 7.0710678118654755 ]
                     A[S - 2, 0] undefined
                     A[S - 2, 1] 7.0710678118654755
                     A[S - 2, 2] undefined
               A[S,2] 22.5952425081255
          -----
          -----
          SET 123
          SKIPPED...
          -----
          SET 124
          SKIPPED...
          -----
          SET 134
          SKIPPED...
          -----
          SET 234
          SKIPPED...
-----------------------------
SIZE of SET 4
-----
          -----
          SET 0123
               -----
               jElem 0
               
               -----
               jElem 1
               
               pathWithoutJKey 023
               pathWithoutJKey value [ <1 empty item>, Infinity, 35.4729620290212 ]
                     A[S - 1, 0] undefined
                     A[S - 1, 1] Infinity
                     A[S - 1, 2] 35.4729620290212
                     A[S - 1, 3] undefined
               A[S,1] 55.4729620290212
               -----
               jElem 2
               
               pathWithoutJKey 013
               pathWithoutJKey value [ <1 empty item>, Infinity, 11.543203766865055 ]
                     A[S - 2, 0] undefined
                     A[S - 2, 1] Infinity
                     A[S - 2, 2] 11.543203766865055
                     A[S - 2, 3] undefined
               A[S,2] Infinity
               -----
               jElem 3
               
               pathWithoutJKey 012
               pathWithoutJKey value [ <1 empty item>, Infinity, 24.47213595499958 ]
                     A[S - 3, 0] undefined
                     A[S - 3, 1] Infinity
                     A[S - 3, 2] 24.47213595499958
                     A[S - 3, 3] undefined
               A[S,3] 38.68480635855148
          -----
          -----
          SET 0124
               -----
               jElem 0
               
               -----
               jElem 1
               
               pathWithoutJKey 024
               pathWithoutJKey value [ <1 empty item>, Infinity, 34.861762134204746 ]
                     A[S - 1, 0] undefined
                     A[S - 1, 1] Infinity
                     A[S - 1, 2] 34.861762134204746
                     A[S - 1, 3] undefined
               A[S,1] 54.861762134204746
               -----
               jElem 2
               
               pathWithoutJKey 014
               pathWithoutJKey value [ <1 empty item>, Infinity, 20.750956551099286 ]
                     A[S - 2, 0] undefined
                     A[S - 2, 1] Infinity
                     A[S - 2, 2] 20.750956551099286
                     A[S - 2, 3] undefined
               A[S,2] Infinity
               -----
               jElem 4
               
               pathWithoutJKey 012
               pathWithoutJKey value [ <1 empty item>, Infinity, 24.47213595499958 ]
                     A[S - 3, 0] undefined
                     A[S - 3, 1] Infinity
                     A[S - 3, 2] 24.47213595499958
                     A[S - 3, 3] undefined
               A[S,3] 38.073606463735025
          -----
          -----
          SET 0134
               -----
               jElem 0
               
               -----
               jElem 1
               
               pathWithoutJKey 034
               pathWithoutJKey value [ <1 empty item>, Infinity, 22.5952425081255 ]
                     A[S - 1, 0] undefined
                     A[S - 1, 1] Infinity
                     A[S - 1, 2] 22.5952425081255
                     A[S - 1, 3] undefined
               A[S,1] 29.666310319990977
               -----
               jElem 3
               
               pathWithoutJKey 014
               pathWithoutJKey value [ <1 empty item>, Infinity, 20.750956551099286 ]
                     A[S - 2, 0] undefined
                     A[S - 2, 1] Infinity
                     A[S - 2, 2] 20.750956551099286
                     A[S - 2, 3] undefined
               A[S,2] Infinity
               -----
               jElem 4
               
               pathWithoutJKey 013
               pathWithoutJKey value [ <1 empty item>, Infinity, 11.543203766865055 ]
                     A[S - 3, 0] undefined
                     A[S - 3, 1] Infinity
                     A[S - 3, 2] 11.543203766865055
                     A[S - 3, 3] undefined
               A[S,3] 27.06737846312508
          -----
          -----
          SET 0234
               -----
               jElem 0
               
               -----
               jElem 2
               
               pathWithoutJKey 034
               pathWithoutJKey value [ <1 empty item>, Infinity, 22.5952425081255 ]
                     A[S - 1, 0] undefined
                     A[S - 1, 1] Infinity
                     A[S - 1, 2] 22.5952425081255
                     A[S - 1, 3] undefined
               A[S,1] 36.8079129116774
               -----
               jElem 3
               
               pathWithoutJKey 024
               pathWithoutJKey value [ <1 empty item>, Infinity, 34.861762134204746 ]
                     A[S - 2, 0] undefined
                     A[S - 2, 1] Infinity
                     A[S - 2, 2] 34.861762134204746
                     A[S - 2, 3] undefined
               A[S,2] Infinity
               -----
               jElem 4
               
               pathWithoutJKey 023
               pathWithoutJKey value [ <1 empty item>, Infinity, 35.4729620290212 ]
                     A[S - 3, 0] undefined
                     A[S - 3, 1] Infinity
                     A[S - 3, 2] 35.4729620290212
                     A[S - 3, 3] undefined
               A[S,3] 50.99713672528122
          -----
          -----
          SET 1234
          SKIPPED...
-----------------------------
SIZE of SET 5
-----
          -----
          SET 01234
               -----
               jElem 0
               
               -----
               jElem 1
               
               pathWithoutJKey 0234
               pathWithoutJKey value [ <1 empty item>, 36.8079129116774, Infinity, 50.99713672528122 ]
                     A[S - 1, 0] undefined
                     A[S - 1, 1] 36.8079129116774
                     A[S - 1, 2] Infinity
                     A[S - 1, 3] 50.99713672528122
                     A[S - 1, 4] undefined
               A[S,1] 58.0682045371467
               -----
               jElem 2
               
               pathWithoutJKey 0134
               pathWithoutJKey value [ <1 empty item>,
  29.666310319990977,
  Infinity,
  27.06737846312508 ]
                     A[S - 2, 0] undefined
                     A[S - 2, 1] 29.666310319990977
                     A[S - 2, 2] Infinity
                     A[S - 2, 3] 27.06737846312508
                     A[S - 2, 4] undefined
               A[S,2] 41.28004886667698
               -----
               jElem 3
               
               pathWithoutJKey 0124
               pathWithoutJKey value [ <1 empty item>,
  54.861762134204746,
  Infinity,
  38.073606463735025 ]
                     A[S - 3, 0] undefined
                     A[S - 3, 1] 54.861762134204746
                     A[S - 3, 2] Infinity
                     A[S - 3, 3] 38.073606463735025
                     A[S - 3, 4] undefined
               A[S,3] 61.93282994607022
               -----
               jElem 4
               
               pathWithoutJKey 0123
               pathWithoutJKey value [ <1 empty item>, 55.4729620290212, Infinity, 38.68480635855148 ]
                     A[S - 4, 0] undefined
                     A[S - 4, 1] 55.4729620290212
                     A[S - 4, 2] Infinity
                     A[S - 4, 3] 38.68480635855148
                     A[S - 4, 4] undefined
               A[S,4] 54.2089810548115
          -----
Map {
  '0' => [ 0, 0 ],
  '1' => [ Infinity, Infinity ],
  '2' => [ Infinity, Infinity ],
  '3' => [ Infinity, Infinity ],
  '4' => [ Infinity, Infinity ],
  '01' => [ <1 empty item>, 4.47213595499958 ],
  '02' => [ <1 empty item>, 21.2602916254693 ],
  '03' => [ <1 empty item>, 7.0710678118654755 ],
  '04' => [ <1 empty item>, 20.024984394500787 ],
  '012' => [ <1 empty item>, Infinity, 24.47213595499958 ],
  '013' => [ <1 empty item>, Infinity, 11.543203766865055 ],
  '014' => [ <1 empty item>, Infinity, 20.750956551099286 ],
  '023' => [ <1 empty item>, Infinity, 35.4729620290212 ],
  '024' => [ <1 empty item>, Infinity, 34.861762134204746 ],
  '034' => [ <1 empty item>, Infinity, 22.5952425081255 ],
  '0123' => [ <1 empty item>, 55.4729620290212, Infinity, 38.68480635855148 ],
  '0124' => [ <1 empty item>,
    54.861762134204746,
    Infinity,
    38.073606463735025 ],
  '0134' => [ <1 empty item>,
    29.666310319990977,
    Infinity,
    27.06737846312508 ],
  '0234' => [ <1 empty item>, 36.8079129116774, Infinity, 50.99713672528122 ],
  '01234' => [ <1 empty item>,
    58.0682045371467,
    41.28004886667698,
    61.93282994607022,
    54.2089810548115 ] }
read complete
read done
Map {
  '0_1' => 4.47213595499958,
  '1_0' => 4.47213595499958,
  '0_2' => 21.2602916254693,
  '2_0' => 21.2602916254693,
  '0_3' => 7.0710678118654755,
  '3_0' => 7.0710678118654755,
  '0_4' => 20.024984394500787,
  '4_0' => 20.024984394500787,
  '1_2' => 20,
  '2_1' => 20,
  '1_3' => 7.0710678118654755,
  '3_1' => 7.0710678118654755,
  '1_4' => 16.278820596099706,
  '4_1' => 16.278820596099706,
  '2_3' => 14.212670403551895,
  '3_2' => 14.212670403551895,
  '2_4' => 13.601470508735444,
  '4_2' => 13.601470508735444,
  '3_4' => 15.524174696260024,
  '4_3' => 15.524174696260024 }
Map {
  '0' => [ 0, 0 ],
  '1' => [ Infinity, Infinity ],
  '2' => [ Infinity, Infinity ],
  '3' => [ Infinity, Infinity ],
  '4' => [ Infinity, Infinity ] }
-----------------------------
SIZE of SET 2
-----
          -----
          SET 01
               -----
               jElem 0
               
               SKIPPED
               -----
               jElem 1
               
               pathWithoutJKey 0
               pathWithoutJKey value [ 0, 0 ]
                     A[S - 1, 0] 0
                     A[S - 1, 1] 0
               A[S,1] 4.47213595499958
          -----
          -----
          SET 02
               -----
               jElem 0
               
               SKIPPED
               -----
               jElem 2
               
               pathWithoutJKey 0
               pathWithoutJKey value [ 0, 0 ]
                     A[S - 1, 0] 0
                     A[S - 1, 1] 0
               A[S,1] 21.2602916254693
          -----
          -----
          SET 03
               -----
               jElem 0
               
               SKIPPED
               -----
               jElem 3
               
               pathWithoutJKey 0
               pathWithoutJKey value [ 0, 0 ]
                     A[S - 1, 0] 0
                     A[S - 1, 1] 0
               A[S,1] 7.0710678118654755
          -----
          -----
          SET 04
               -----
               jElem 0
               
               SKIPPED
               -----
               jElem 4
               
               pathWithoutJKey 0
               pathWithoutJKey value [ 0, 0 ]
                     A[S - 1, 0] 0
                     A[S - 1, 1] 0
               A[S,1] 20.024984394500787
          -----
          -----
          SET 12
          SKIPPED...
          -----
          SET 13
          SKIPPED...
          -----
          SET 14
          SKIPPED...
          -----
          SET 23
          SKIPPED...
          -----
          SET 24
          SKIPPED...
          -----
          SET 34
          SKIPPED...
-----------------------------
SIZE of SET 3
-----
          -----
          SET 012
               -----
               jElem 0
               
               SKIPPED
               -----
               jElem 1
               
               pathWithoutJKey 02
               pathWithoutJKey value [ <1 empty item>, 21.2602916254693 ]
                     A[S - 1, 0] undefined
                     A[S - 1, 1] 21.2602916254693
                     A[S - 1, 2] undefined
               A[S,1] Infinity
               -----
               jElem 2
               
               pathWithoutJKey 01
               pathWithoutJKey value [ <1 empty item>, 4.47213595499958 ]
                     A[S - 2, 0] undefined
                     A[S - 2, 1] 4.47213595499958
                     A[S - 2, 2] undefined
               A[S,2] 24.47213595499958
          -----
          -----
          SET 013
               -----
               jElem 0
               
               SKIPPED
               -----
               jElem 1
               
               pathWithoutJKey 03
               pathWithoutJKey value [ <1 empty item>, 7.0710678118654755 ]
                     A[S - 1, 0] undefined
                     A[S - 1, 1] 7.0710678118654755
                     A[S - 1, 2] undefined
               A[S,1] Infinity
               -----
               jElem 3
               
               pathWithoutJKey 01
               pathWithoutJKey value [ <1 empty item>, 4.47213595499958 ]
                     A[S - 2, 0] undefined
                     A[S - 2, 1] 4.47213595499958
                     A[S - 2, 2] undefined
               A[S,2] 11.543203766865055
          -----
          -----
          SET 014
               -----
               jElem 0
               
               SKIPPED
               -----
               jElem 1
               
               pathWithoutJKey 04
               pathWithoutJKey value [ <1 empty item>, 20.024984394500787 ]
                     A[S - 1, 0] undefined
                     A[S - 1, 1] 20.024984394500787
                     A[S - 1, 2] undefined
               A[S,1] Infinity
               -----
               jElem 4
               
               pathWithoutJKey 01
               pathWithoutJKey value [ <1 empty item>, 4.47213595499958 ]
                     A[S - 2, 0] undefined
                     A[S - 2, 1] 4.47213595499958
                     A[S - 2, 2] undefined
               A[S,2] 20.750956551099286
          -----
          -----
          SET 023
               -----
               jElem 0
               
               SKIPPED
               -----
               jElem 2
               
               pathWithoutJKey 03
               pathWithoutJKey value [ <1 empty item>, 7.0710678118654755 ]
                     A[S - 1, 0] undefined
                     A[S - 1, 1] 7.0710678118654755
                     A[S - 1, 2] undefined
               A[S,1] Infinity
               -----
               jElem 3
               
               pathWithoutJKey 02
               pathWithoutJKey value [ <1 empty item>, 21.2602916254693 ]
                     A[S - 2, 0] undefined
                     A[S - 2, 1] 21.2602916254693
                     A[S - 2, 2] undefined
               A[S,2] 35.4729620290212
          -----
          -----
          SET 024
               -----
               jElem 0
               
               SKIPPED
               -----
               jElem 2
               
               pathWithoutJKey 04
               pathWithoutJKey value [ <1 empty item>, 20.024984394500787 ]
                     A[S - 1, 0] undefined
                     A[S - 1, 1] 20.024984394500787
                     A[S - 1, 2] undefined
               A[S,1] Infinity
               -----
               jElem 4
               
               pathWithoutJKey 02
               pathWithoutJKey value [ <1 empty item>, 21.2602916254693 ]
                     A[S - 2, 0] undefined
                     A[S - 2, 1] 21.2602916254693
                     A[S - 2, 2] undefined
               A[S,2] 34.861762134204746
          -----
          -----
          SET 034
               -----
               jElem 0
               
               SKIPPED
               -----
               jElem 3
               
               pathWithoutJKey 04
               pathWithoutJKey value [ <1 empty item>, 20.024984394500787 ]
                     A[S - 1, 0] undefined
                     A[S - 1, 1] 20.024984394500787
                     A[S - 1, 2] undefined
               A[S,1] Infinity
               -----
               jElem 4
               
               pathWithoutJKey 03
               pathWithoutJKey value [ <1 empty item>, 7.0710678118654755 ]
                     A[S - 2, 0] undefined
                     A[S - 2, 1] 7.0710678118654755
                     A[S - 2, 2] undefined
               A[S,2] 22.5952425081255
          -----
          -----
          SET 123
          SKIPPED...
          -----
          SET 124
          SKIPPED...
          -----
          SET 134
          SKIPPED...
          -----
          SET 234
          SKIPPED...
-----------------------------
SIZE of SET 4
-----
          -----
          SET 0123
               -----
               jElem 0
               
               SKIPPED
               -----
               jElem 1
               
               pathWithoutJKey 023
               pathWithoutJKey value [ <1 empty item>, Infinity, 35.4729620290212 ]
                     A[S - 1, 0] undefined
                     A[S - 1, 1] Infinity
                     A[S - 1, 2] 35.4729620290212
                     A[S - 1, 3] undefined
               A[S,1] 55.4729620290212
               -----
               jElem 2
               
               pathWithoutJKey 013
               pathWithoutJKey value [ <1 empty item>, Infinity, 11.543203766865055 ]
                     A[S - 2, 0] undefined
                     A[S - 2, 1] Infinity
                     A[S - 2, 2] 11.543203766865055
                     A[S - 2, 3] undefined
               A[S,2] Infinity
               -----
               jElem 3
               
               pathWithoutJKey 012
               pathWithoutJKey value [ <1 empty item>, Infinity, 24.47213595499958 ]
                     A[S - 3, 0] undefined
                     A[S - 3, 1] Infinity
                     A[S - 3, 2] 24.47213595499958
                     A[S - 3, 3] undefined
               A[S,3] 38.68480635855148
          -----
          -----
          SET 0124
               -----
               jElem 0
               
               SKIPPED
               -----
               jElem 1
               
               pathWithoutJKey 024
               pathWithoutJKey value [ <1 empty item>, Infinity, 34.861762134204746 ]
                     A[S - 1, 0] undefined
                     A[S - 1, 1] Infinity
                     A[S - 1, 2] 34.861762134204746
                     A[S - 1, 3] undefined
               A[S,1] 54.861762134204746
               -----
               jElem 2
               
               pathWithoutJKey 014
               pathWithoutJKey value [ <1 empty item>, Infinity, 20.750956551099286 ]
                     A[S - 2, 0] undefined
                     A[S - 2, 1] Infinity
                     A[S - 2, 2] 20.750956551099286
                     A[S - 2, 3] undefined
               A[S,2] Infinity
               -----
               jElem 4
               
               pathWithoutJKey 012
               pathWithoutJKey value [ <1 empty item>, Infinity, 24.47213595499958 ]
                     A[S - 3, 0] undefined
                     A[S - 3, 1] Infinity
                     A[S - 3, 2] 24.47213595499958
                     A[S - 3, 3] undefined
               A[S,3] 38.073606463735025
          -----
          -----
          SET 0134
               -----
               jElem 0
               
               SKIPPED
               -----
               jElem 1
               
               pathWithoutJKey 034
               pathWithoutJKey value [ <1 empty item>, Infinity, 22.5952425081255 ]
                     A[S - 1, 0] undefined
                     A[S - 1, 1] Infinity
                     A[S - 1, 2] 22.5952425081255
                     A[S - 1, 3] undefined
               A[S,1] 29.666310319990977
               -----
               jElem 3
               
               pathWithoutJKey 014
               pathWithoutJKey value [ <1 empty item>, Infinity, 20.750956551099286 ]
                     A[S - 2, 0] undefined
                     A[S - 2, 1] Infinity
                     A[S - 2, 2] 20.750956551099286
                     A[S - 2, 3] undefined
               A[S,2] Infinity
               -----
               jElem 4
               
               pathWithoutJKey 013
               pathWithoutJKey value [ <1 empty item>, Infinity, 11.543203766865055 ]
                     A[S - 3, 0] undefined
                     A[S - 3, 1] Infinity
                     A[S - 3, 2] 11.543203766865055
                     A[S - 3, 3] undefined
               A[S,3] 27.06737846312508
          -----
          -----
          SET 0234
               -----
               jElem 0
               
               SKIPPED
               -----
               jElem 2
               
               pathWithoutJKey 034
               pathWithoutJKey value [ <1 empty item>, Infinity, 22.5952425081255 ]
                     A[S - 1, 0] undefined
                     A[S - 1, 1] Infinity
                     A[S - 1, 2] 22.5952425081255
                     A[S - 1, 3] undefined
               A[S,1] 36.8079129116774
               -----
               jElem 3
               
               pathWithoutJKey 024
               pathWithoutJKey value [ <1 empty item>, Infinity, 34.861762134204746 ]
                     A[S - 2, 0] undefined
                     A[S - 2, 1] Infinity
                     A[S - 2, 2] 34.861762134204746
                     A[S - 2, 3] undefined
               A[S,2] Infinity
               -----
               jElem 4
               
               pathWithoutJKey 023
               pathWithoutJKey value [ <1 empty item>, Infinity, 35.4729620290212 ]
                     A[S - 3, 0] undefined
                     A[S - 3, 1] Infinity
                     A[S - 3, 2] 35.4729620290212
                     A[S - 3, 3] undefined
               A[S,3] 50.99713672528122
          -----
          -----
          SET 1234
          SKIPPED...
-----------------------------
SIZE of SET 5
-----
          -----
          SET 01234
               -----
               jElem 0
               
               SKIPPED
               -----
               jElem 1
               
               pathWithoutJKey 0234
               pathWithoutJKey value [ <1 empty item>, 36.8079129116774, Infinity, 50.99713672528122 ]
                     A[S - 1, 0] undefined
                     A[S - 1, 1] 36.8079129116774
                     A[S - 1, 2] Infinity
                     A[S - 1, 3] 50.99713672528122
                     A[S - 1, 4] undefined
               A[S,1] 58.0682045371467
               -----
               jElem 2
               
               pathWithoutJKey 0134
               pathWithoutJKey value [ <1 empty item>,
  29.666310319990977,
  Infinity,
  27.06737846312508 ]
                     A[S - 2, 0] undefined
                     A[S - 2, 1] 29.666310319990977
                     A[S - 2, 2] Infinity
                     A[S - 2, 3] 27.06737846312508
                     A[S - 2, 4] undefined
               A[S,2] 41.28004886667698
               -----
               jElem 3
               
               pathWithoutJKey 0124
               pathWithoutJKey value [ <1 empty item>,
  54.861762134204746,
  Infinity,
  38.073606463735025 ]
                     A[S - 3, 0] undefined
                     A[S - 3, 1] 54.861762134204746
                     A[S - 3, 2] Infinity
                     A[S - 3, 3] 38.073606463735025
                     A[S - 3, 4] undefined
               A[S,3] 61.93282994607022
               -----
               jElem 4
               
               pathWithoutJKey 0123
               pathWithoutJKey value [ <1 empty item>, 55.4729620290212, Infinity, 38.68480635855148 ]
                     A[S - 4, 0] undefined
                     A[S - 4, 1] 55.4729620290212
                     A[S - 4, 2] Infinity
                     A[S - 4, 3] 38.68480635855148
                     A[S - 4, 4] undefined
               A[S,4] 54.2089810548115
          -----
62.54034049214628
read complete
read done
Map {
  '0_1' => 4.47213595499958,
  '1_0' => 4.47213595499958,
  '0_2' => 21.2602916254693,
  '2_0' => 21.2602916254693,
  '0_3' => 7.0710678118654755,
  '3_0' => 7.0710678118654755,
  '0_4' => 20.024984394500787,
  '4_0' => 20.024984394500787,
  '1_2' => 20,
  '2_1' => 20,
  '1_3' => 7.0710678118654755,
  '3_1' => 7.0710678118654755,
  '1_4' => 16.278820596099706,
  '4_1' => 16.278820596099706,
  '2_3' => 14.212670403551895,
  '3_2' => 14.212670403551895,
  '2_4' => 13.601470508735444,
  '4_2' => 13.601470508735444,
  '3_4' => 15.524174696260024,
  '4_3' => 15.524174696260024 }
Map {
  '0' => [ 0, 0 ],
  '1' => [ Infinity, Infinity ],
  '2' => [ Infinity, Infinity ],
  '3' => [ Infinity, Infinity ],
  '4' => [ Infinity, Infinity ] }
-----------------------------
SIZE of SET 2
-----
          -----
          SET 01
               -----
               jElem 0
               
               SKIPPED
               -----
               jElem 1
               
               pathWithoutJKey 0
               pathWithoutJKey value [ 0, 0 ]
                     A[S - 1, 0] 0
                     A[S - 1, 1] 0
               A[S,1] 4.47213595499958
          -----
          -----
          SET 02
               -----
               jElem 0
               
               SKIPPED
               -----
               jElem 2
               
               pathWithoutJKey 0
               pathWithoutJKey value [ 0, 0 ]
                     A[S - 1, 0] 0
                     A[S - 1, 1] 0
               A[S,1] 21.2602916254693
          -----
          -----
          SET 03
               -----
               jElem 0
               
               SKIPPED
               -----
               jElem 3
               
               pathWithoutJKey 0
               pathWithoutJKey value [ 0, 0 ]
                     A[S - 1, 0] 0
                     A[S - 1, 1] 0
               A[S,1] 7.0710678118654755
          -----
          -----
          SET 04
               -----
               jElem 0
               
               SKIPPED
               -----
               jElem 4
               
               pathWithoutJKey 0
               pathWithoutJKey value [ 0, 0 ]
                     A[S - 1, 0] 0
                     A[S - 1, 1] 0
               A[S,1] 20.024984394500787
          -----
          -----
          SET 12
          SKIPPED...
          -----
          SET 13
          SKIPPED...
          -----
          SET 14
          SKIPPED...
          -----
          SET 23
          SKIPPED...
          -----
          SET 24
          SKIPPED...
          -----
          SET 34
          SKIPPED...
-----------------------------
SIZE of SET 3
-----
          -----
          SET 012
               -----
               jElem 0
               
               SKIPPED
               -----
               jElem 1
               
               pathWithoutJKey 02
               pathWithoutJKey value [ <1 empty item>, 21.2602916254693 ]
                     A[S - 1, 0] undefined
                     A[S - 1, 1] 21.2602916254693
                     A[S - 1, 2] undefined
               A[S,1] Infinity
               -----
               jElem 2
               
               pathWithoutJKey 01
               pathWithoutJKey value [ <1 empty item>, 4.47213595499958 ]
                     A[S - 2, 0] undefined
                     A[S - 2, 1] 4.47213595499958
                     A[S - 2, 2] undefined
               A[S,2] 24.47213595499958
          -----
          -----
          SET 013
               -----
               jElem 0
               
               SKIPPED
               -----
               jElem 1
               
               pathWithoutJKey 03
               pathWithoutJKey value [ <1 empty item>, 7.0710678118654755 ]
                     A[S - 1, 0] undefined
                     A[S - 1, 1] 7.0710678118654755
                     A[S - 1, 2] undefined
               A[S,1] Infinity
               -----
               jElem 3
               
               pathWithoutJKey 01
               pathWithoutJKey value [ <1 empty item>, 4.47213595499958 ]
                     A[S - 2, 0] undefined
                     A[S - 2, 1] 4.47213595499958
                     A[S - 2, 2] undefined
               A[S,2] 11.543203766865055
          -----
          -----
          SET 014
               -----
               jElem 0
               
               SKIPPED
               -----
               jElem 1
               
               pathWithoutJKey 04
               pathWithoutJKey value [ <1 empty item>, 20.024984394500787 ]
                     A[S - 1, 0] undefined
                     A[S - 1, 1] 20.024984394500787
                     A[S - 1, 2] undefined
               A[S,1] Infinity
               -----
               jElem 4
               
               pathWithoutJKey 01
               pathWithoutJKey value [ <1 empty item>, 4.47213595499958 ]
                     A[S - 2, 0] undefined
                     A[S - 2, 1] 4.47213595499958
                     A[S - 2, 2] undefined
               A[S,2] 20.750956551099286
          -----
          -----
          SET 023
               -----
               jElem 0
               
               SKIPPED
               -----
               jElem 2
               
               pathWithoutJKey 03
               pathWithoutJKey value [ <1 empty item>, 7.0710678118654755 ]
                     A[S - 1, 0] undefined
                     A[S - 1, 1] 7.0710678118654755
                     A[S - 1, 2] undefined
               A[S,1] Infinity
               -----
               jElem 3
               
               pathWithoutJKey 02
               pathWithoutJKey value [ <1 empty item>, 21.2602916254693 ]
                     A[S - 2, 0] undefined
                     A[S - 2, 1] 21.2602916254693
                     A[S - 2, 2] undefined
               A[S,2] 35.4729620290212
          -----
          -----
          SET 024
               -----
               jElem 0
               
               SKIPPED
               -----
               jElem 2
               
               pathWithoutJKey 04
               pathWithoutJKey value [ <1 empty item>, 20.024984394500787 ]
                     A[S - 1, 0] undefined
                     A[S - 1, 1] 20.024984394500787
                     A[S - 1, 2] undefined
               A[S,1] Infinity
               -----
               jElem 4
               
               pathWithoutJKey 02
               pathWithoutJKey value [ <1 empty item>, 21.2602916254693 ]
                     A[S - 2, 0] undefined
                     A[S - 2, 1] 21.2602916254693
                     A[S - 2, 2] undefined
               A[S,2] 34.861762134204746
          -----
          -----
          SET 034
               -----
               jElem 0
               
               SKIPPED
               -----
               jElem 3
               
               pathWithoutJKey 04
               pathWithoutJKey value [ <1 empty item>, 20.024984394500787 ]
                     A[S - 1, 0] undefined
                     A[S - 1, 1] 20.024984394500787
                     A[S - 1, 2] undefined
               A[S,1] Infinity
               -----
               jElem 4
               
               pathWithoutJKey 03
               pathWithoutJKey value [ <1 empty item>, 7.0710678118654755 ]
                     A[S - 2, 0] undefined
                     A[S - 2, 1] 7.0710678118654755
                     A[S - 2, 2] undefined
               A[S,2] 22.5952425081255
          -----
          -----
          SET 123
          SKIPPED...
          -----
          SET 124
          SKIPPED...
          -----
          SET 134
          SKIPPED...
          -----
          SET 234
          SKIPPED...
-----------------------------
SIZE of SET 4
-----
          -----
          SET 0123
               -----
               jElem 0
               
               SKIPPED
               -----
               jElem 1
               
               pathWithoutJKey 023
               pathWithoutJKey value [ <1 empty item>, Infinity, 35.4729620290212 ]
                     A[S - 1, 0] undefined
                     A[S - 1, 1] Infinity
                     A[S - 1, 2] 35.4729620290212
                     A[S - 1, 3] undefined
               A[S,1] 55.4729620290212
               -----
               jElem 2
               
               pathWithoutJKey 013
               pathWithoutJKey value [ <1 empty item>, Infinity, 11.543203766865055 ]
                     A[S - 2, 0] undefined
                     A[S - 2, 1] Infinity
                     A[S - 2, 2] 11.543203766865055
                     A[S - 2, 3] undefined
               A[S,2] Infinity
               -----
               jElem 3
               
               pathWithoutJKey 012
               pathWithoutJKey value [ <1 empty item>, Infinity, 24.47213595499958 ]
                     A[S - 3, 0] undefined
                     A[S - 3, 1] Infinity
                     A[S - 3, 2] 24.47213595499958
                     A[S - 3, 3] undefined
               A[S,3] 38.68480635855148
          -----
          -----
          SET 0124
               -----
               jElem 0
               
               SKIPPED
               -----
               jElem 1
               
               pathWithoutJKey 024
               pathWithoutJKey value [ <1 empty item>, Infinity, 34.861762134204746 ]
                     A[S - 1, 0] undefined
                     A[S - 1, 1] Infinity
                     A[S - 1, 2] 34.861762134204746
                     A[S - 1, 3] undefined
               A[S,1] 54.861762134204746
               -----
               jElem 2
               
               pathWithoutJKey 014
               pathWithoutJKey value [ <1 empty item>, Infinity, 20.750956551099286 ]
                     A[S - 2, 0] undefined
                     A[S - 2, 1] Infinity
                     A[S - 2, 2] 20.750956551099286
                     A[S - 2, 3] undefined
               A[S,2] Infinity
               -----
               jElem 4
               
               pathWithoutJKey 012
               pathWithoutJKey value [ <1 empty item>, Infinity, 24.47213595499958 ]
                     A[S - 3, 0] undefined
                     A[S - 3, 1] Infinity
                     A[S - 3, 2] 24.47213595499958
                     A[S - 3, 3] undefined
               A[S,3] 38.073606463735025
          -----
          -----
          SET 0134
               -----
               jElem 0
               
               SKIPPED
               -----
               jElem 1
               
               pathWithoutJKey 034
               pathWithoutJKey value [ <1 empty item>, Infinity, 22.5952425081255 ]
                     A[S - 1, 0] undefined
                     A[S - 1, 1] Infinity
                     A[S - 1, 2] 22.5952425081255
                     A[S - 1, 3] undefined
               A[S,1] 29.666310319990977
               -----
               jElem 3
               
               pathWithoutJKey 014
               pathWithoutJKey value [ <1 empty item>, Infinity, 20.750956551099286 ]
                     A[S - 2, 0] undefined
                     A[S - 2, 1] Infinity
                     A[S - 2, 2] 20.750956551099286
                     A[S - 2, 3] undefined
               A[S,2] Infinity
               -----
               jElem 4
               
               pathWithoutJKey 013
               pathWithoutJKey value [ <1 empty item>, Infinity, 11.543203766865055 ]
                     A[S - 3, 0] undefined
                     A[S - 3, 1] Infinity
                     A[S - 3, 2] 11.543203766865055
                     A[S - 3, 3] undefined
               A[S,3] 27.06737846312508
          -----
          -----
          SET 0234
               -----
               jElem 0
               
               SKIPPED
               -----
               jElem 2
               
               pathWithoutJKey 034
               pathWithoutJKey value [ <1 empty item>, Infinity, 22.5952425081255 ]
                     A[S - 1, 0] undefined
                     A[S - 1, 1] Infinity
                     A[S - 1, 2] 22.5952425081255
                     A[S - 1, 3] undefined
               A[S,1] 36.8079129116774
               -----
               jElem 3
               
               pathWithoutJKey 024
               pathWithoutJKey value [ <1 empty item>, Infinity, 34.861762134204746 ]
                     A[S - 2, 0] undefined
                     A[S - 2, 1] Infinity
                     A[S - 2, 2] 34.861762134204746
                     A[S - 2, 3] undefined
               A[S,2] Infinity
               -----
               jElem 4
               
               pathWithoutJKey 023
               pathWithoutJKey value [ <1 empty item>, Infinity, 35.4729620290212 ]
                     A[S - 3, 0] undefined
                     A[S - 3, 1] Infinity
                     A[S - 3, 2] 35.4729620290212
                     A[S - 3, 3] undefined
               A[S,3] 50.99713672528122
          -----
          -----
          SET 1234
          SKIPPED...
-----------------------------
SIZE of SET 5
-----
          -----
          SET 01234
               -----
               jElem 0
               
               SKIPPED
               -----
               jElem 1
               
               pathWithoutJKey 0234
               pathWithoutJKey value [ <1 empty item>, 36.8079129116774, Infinity, 50.99713672528122 ]
                     A[S - 1, 0] undefined
                     A[S - 1, 1] 36.8079129116774
                     A[S - 1, 2] Infinity
                     A[S - 1, 3] 50.99713672528122
                     A[S - 1, 4] undefined
               A[S,1] 58.0682045371467
               -----
               jElem 2
               
               pathWithoutJKey 0134
               pathWithoutJKey value [ <1 empty item>,
  29.666310319990977,
  Infinity,
  27.06737846312508 ]
                     A[S - 2, 0] undefined
                     A[S - 2, 1] 29.666310319990977
                     A[S - 2, 2] Infinity
                     A[S - 2, 3] 27.06737846312508
                     A[S - 2, 4] undefined
               A[S,2] 41.28004886667698
               -----
               jElem 3
               
               pathWithoutJKey 0124
               pathWithoutJKey value [ <1 empty item>,
  54.861762134204746,
  Infinity,
  38.073606463735025 ]
                     A[S - 3, 0] undefined
                     A[S - 3, 1] 54.861762134204746
                     A[S - 3, 2] Infinity
                     A[S - 3, 3] 38.073606463735025
                     A[S - 3, 4] undefined
               A[S,3] 61.93282994607022
               -----
               jElem 4
               
               pathWithoutJKey 0123
               pathWithoutJKey value [ <1 empty item>, 55.4729620290212, Infinity, 38.68480635855148 ]
                     A[S - 4, 0] undefined
                     A[S - 4, 1] 55.4729620290212
                     A[S - 4, 2] Infinity
                     A[S - 4, 3] 38.68480635855148
                     A[S - 4, 4] undefined
               A[S,4] 54.2089810548115
          -----
-----
[ <1 empty item>,
  58.0682045371467,
  41.28004886667698,
  61.93282994607022,
  54.2089810548115 ]
62.54034049214628
