read complete
read done
struct done
Map {
  1 => Set {
  { [Number: 1] vertexA: 1, vertexB: 2, cost: 1 },
  { [Number: 8] vertexA: 1, vertexB: 8, cost: 8 } },
  2 => Set {
  { [Number: 1] vertexA: 2, vertexB: 1, cost: 1 },
  { [Number: 2] vertexA: 2, vertexB: 8, cost: 2 },
  { [Number: 9] vertexA: 2, vertexB: 3, cost: 9 } },
  8 => Set {
  { [Number: 8] vertexA: 8, vertexB: 1, cost: 8 },
  { [Number: 2] vertexA: 8, vertexB: 2, cost: 2 },
  { [Number: 6] vertexA: 8, vertexB: 3, cost: 6 },
  { [Number: 9] vertexA: 8, vertexB: 4, cost: 9 },
  { [Number: 2] vertexA: 8, vertexB: 7, cost: 2 } },
  3 => Set {
  { [Number: 6] vertexA: 3, vertexB: 8, cost: 6 },
  { [Number: 9] vertexA: 3, vertexB: 2, cost: 9 },
  { [Number: 4] vertexA: 3, vertexB: 4, cost: 4 },
  { [Number: 5] vertexA: 3, vertexB: 5, cost: 5 } },
  4 => Set {
  { [Number: 9] vertexA: 4, vertexB: 8, cost: 9 },
  { [Number: 4] vertexA: 4, vertexB: 3, cost: 4 },
  { [Number: 1] vertexA: 4, vertexB: 7, cost: 1 },
  { [Number: 2] vertexA: 4, vertexB: 5, cost: 2 } },
  7 => Set {
  { [Number: 2] vertexA: 7, vertexB: 8, cost: 2 },
  { [Number: 1] vertexA: 7, vertexB: 4, cost: 1 },
  { [Number: 7] vertexA: 7, vertexB: 5, cost: 7 },
  { [Number: 10] vertexA: 7, vertexB: 6, cost: 10 } },
  5 => Set {
  { [Number: 2] vertexA: 5, vertexB: 4, cost: 2 },
  { [Number: 5] vertexA: 5, vertexB: 3, cost: 5 },
  { [Number: 7] vertexA: 5, vertexB: 7, cost: 7 },
  { [Number: 3] vertexA: 5, vertexB: 6, cost: 3 } },
  6 => Set {
  { [Number: 10] vertexA: 6, vertexB: 7, cost: 10 },
  { [Number: 3] vertexA: 6, vertexB: 5, cost: 3 } } }
-----------------------
state
5 Set {
  { [Number: 2] vertexA: 5, vertexB: 4, cost: 2 },
  { [Number: 5] vertexA: 5, vertexB: 3, cost: 5 },
  { [Number: 7] vertexA: 5, vertexB: 7, cost: 7 },
  { [Number: 3] vertexA: 5, vertexB: 6, cost: 3 } } MinHeap {
  _size: 4,
  _heap: 
   [ { [Number: 2] vertexA: 5, vertexB: 4, cost: 2 },
     { [Number: 3] vertexA: 5, vertexB: 6, cost: 3 },
     { [Number: 7] vertexA: 5, vertexB: 7, cost: 7 },
     { [Number: 5] vertexA: 5, vertexB: 3, cost: 5 } ] }
5 4 '-' 2
min edge
{ [Number: 2] vertexA: 5, vertexB: 4, cost: 2 } 1 8
-----------------------
state
4 Set {
  { [Number: 9] vertexA: 4, vertexB: 8, cost: 9 },
  { [Number: 4] vertexA: 4, vertexB: 3, cost: 4 },
  { [Number: 1] vertexA: 4, vertexB: 7, cost: 1 },
  { [Number: 2] vertexA: 4, vertexB: 5, cost: 2 } } MinHeap {
  _size: 6,
  _heap: 
   [ { [Number: 1] vertexA: 4, vertexB: 7, cost: 1 },
     { [Number: 3] vertexA: 5, vertexB: 6, cost: 3 },
     { [Number: 4] vertexA: 4, vertexB: 3, cost: 4 },
     { [Number: 9] vertexA: 4, vertexB: 8, cost: 9 },
     { [Number: 7] vertexA: 5, vertexB: 7, cost: 7 },
     { [Number: 5] vertexA: 5, vertexB: 3, cost: 5 } ] }
4 7 '-' 1
min edge
{ [Number: 1] vertexA: 4, vertexB: 7, cost: 1 } 2 8
-----------------------
state
7 Set {
  { [Number: 2] vertexA: 7, vertexB: 8, cost: 2 },
  { [Number: 1] vertexA: 7, vertexB: 4, cost: 1 },
  { [Number: 7] vertexA: 7, vertexB: 5, cost: 7 },
  { [Number: 10] vertexA: 7, vertexB: 6, cost: 10 } } MinHeap {
  _size: 7,
  _heap: 
   [ { [Number: 2] vertexA: 7, vertexB: 8, cost: 2 },
     { [Number: 3] vertexA: 5, vertexB: 6, cost: 3 },
     { [Number: 5] vertexA: 5, vertexB: 3, cost: 5 },
     { [Number: 9] vertexA: 4, vertexB: 8, cost: 9 },
     { [Number: 7] vertexA: 5, vertexB: 7, cost: 7 },
     { [Number: 4] vertexA: 4, vertexB: 3, cost: 4 },
     { [Number: 10] vertexA: 7, vertexB: 6, cost: 10 } ] }
7 8 '-' 2
min edge
{ [Number: 2] vertexA: 7, vertexB: 8, cost: 2 } 3 8
-----------------------
state
8 Set {
  { [Number: 8] vertexA: 8, vertexB: 1, cost: 8 },
  { [Number: 2] vertexA: 8, vertexB: 2, cost: 2 },
  { [Number: 6] vertexA: 8, vertexB: 3, cost: 6 },
  { [Number: 9] vertexA: 8, vertexB: 4, cost: 9 },
  { [Number: 2] vertexA: 8, vertexB: 7, cost: 2 } } MinHeap {
  _size: 9,
  _heap: 
   [ { [Number: 2] vertexA: 8, vertexB: 2, cost: 2 },
     { [Number: 3] vertexA: 5, vertexB: 6, cost: 3 },
     { [Number: 5] vertexA: 5, vertexB: 3, cost: 5 },
     { [Number: 7] vertexA: 5, vertexB: 7, cost: 7 },
     { [Number: 6] vertexA: 8, vertexB: 3, cost: 6 },
     { [Number: 4] vertexA: 4, vertexB: 3, cost: 4 },
     { [Number: 9] vertexA: 4, vertexB: 8, cost: 9 },
     { [Number: 8] vertexA: 8, vertexB: 1, cost: 8 },
     { [Number: 10] vertexA: 7, vertexB: 6, cost: 10 } ] }
8 2 '-' 2
min edge
{ [Number: 2] vertexA: 8, vertexB: 2, cost: 2 } 4 8
-----------------------
state
2 Set {
  { [Number: 1] vertexA: 2, vertexB: 1, cost: 1 },
  { [Number: 2] vertexA: 2, vertexB: 8, cost: 2 },
  { [Number: 9] vertexA: 2, vertexB: 3, cost: 9 } } MinHeap {
  _size: 10,
  _heap: 
   [ { [Number: 1] vertexA: 2, vertexB: 1, cost: 1 },
     { [Number: 3] vertexA: 5, vertexB: 6, cost: 3 },
     { [Number: 6] vertexA: 8, vertexB: 3, cost: 6 },
     { [Number: 7] vertexA: 5, vertexB: 7, cost: 7 },
     { [Number: 5] vertexA: 5, vertexB: 3, cost: 5 },
     { [Number: 4] vertexA: 4, vertexB: 3, cost: 4 },
     { [Number: 9] vertexA: 4, vertexB: 8, cost: 9 },
     { [Number: 8] vertexA: 8, vertexB: 1, cost: 8 },
     { [Number: 10] vertexA: 7, vertexB: 6, cost: 10 },
     { [Number: 9] vertexA: 2, vertexB: 3, cost: 9 } ] }
2 1 '-' 1
min edge
{ [Number: 1] vertexA: 2, vertexB: 1, cost: 1 } 5 8
-----------------------
state
1 Set {
  { [Number: 1] vertexA: 1, vertexB: 2, cost: 1 },
  { [Number: 8] vertexA: 1, vertexB: 8, cost: 8 } } MinHeap {
  _size: 9,
  _heap: 
   [ { [Number: 3] vertexA: 5, vertexB: 6, cost: 3 },
     { [Number: 5] vertexA: 5, vertexB: 3, cost: 5 },
     { [Number: 6] vertexA: 8, vertexB: 3, cost: 6 },
     { [Number: 7] vertexA: 5, vertexB: 7, cost: 7 },
     { [Number: 9] vertexA: 2, vertexB: 3, cost: 9 },
     { [Number: 4] vertexA: 4, vertexB: 3, cost: 4 },
     { [Number: 9] vertexA: 4, vertexB: 8, cost: 9 },
     { [Number: 8] vertexA: 8, vertexB: 1, cost: 8 },
     { [Number: 10] vertexA: 7, vertexB: 6, cost: 10 } ] }
1 6 '-' 3
min edge
{ [Number: 3] vertexA: 5, vertexB: 6, cost: 3 } 6 8
-----------------------
state
6 Set {
  { [Number: 10] vertexA: 6, vertexB: 7, cost: 10 },
  { [Number: 3] vertexA: 6, vertexB: 5, cost: 3 } } MinHeap {
  _size: 8,
  _heap: 
   [ { [Number: 5] vertexA: 5, vertexB: 3, cost: 5 },
     { [Number: 7] vertexA: 5, vertexB: 7, cost: 7 },
     { [Number: 6] vertexA: 8, vertexB: 3, cost: 6 },
     { [Number: 8] vertexA: 8, vertexB: 1, cost: 8 },
     { [Number: 9] vertexA: 2, vertexB: 3, cost: 9 },
     { [Number: 4] vertexA: 4, vertexB: 3, cost: 4 },
     { [Number: 9] vertexA: 4, vertexB: 8, cost: 9 },
     { [Number: 10] vertexA: 7, vertexB: 6, cost: 10 } ] }
6 3 '-' 5
min edge
{ [Number: 5] vertexA: 5, vertexB: 3, cost: 5 } 7 8
16
