read complete
read done
[ { [Number: -1] vertexA: 1, vertexB: 2, cost: -1 },
  { [Number: 4] vertexA: 1, vertexB: 3, cost: 4 },
  { [Number: 3] vertexA: 2, vertexB: 3, cost: 3 },
  { [Number: 2] vertexA: 2, vertexB: 5, cost: 2 },
  { [Number: 2] vertexA: 2, vertexB: 4, cost: 2 },
  { [Number: 5] vertexA: 3, vertexB: 4, cost: 5 },
  { [Number: -3] vertexA: 5, vertexB: 4, cost: -3 } ]
{ [Number: 0] label: 1, weight: 0, edges: [] }
INITIAL Infinity, 0, Infinity, Infinity, Infinity, Infinity

-----
va 1 vb 2 cost -1
dva 0 dvb Infinity
set distance[edge.vertexB] to -1

-----
va 1 vb 3 cost 4
dva 0 dvb Infinity
set distance[edge.vertexB] to 4

-----
va 2 vb 3 cost 3
dva -1 dvb 4
set distance[edge.vertexB] to 2

-----
va 2 vb 5 cost 2
dva -1 dvb Infinity
set distance[edge.vertexB] to 1

-----
va 2 vb 4 cost 2
dva -1 dvb Infinity
set distance[edge.vertexB] to 1

-----
va 3 vb 4 cost 5
dva 2 dvb 1
no changes

-----
va 5 vb 4 cost -3
dva 1 dvb 1
set distance[edge.vertexB] to -2

-----
va 1 vb 2 cost -1
dva 0 dvb -1
no changes

-----
va 1 vb 3 cost 4
dva 0 dvb 2
no changes

-----
va 2 vb 3 cost 3
dva -1 dvb 2
no changes

-----
va 2 vb 5 cost 2
dva -1 dvb 1
no changes

-----
va 2 vb 4 cost 2
dva -1 dvb -2
no changes

-----
va 3 vb 4 cost 5
dva 2 dvb -2
no changes

-----
va 5 vb 4 cost -3
dva 1 dvb -2
no changes

-----
va 1 vb 2 cost -1
dva 0 dvb -1
no changes

-----
va 1 vb 3 cost 4
dva 0 dvb 2
no changes

-----
va 2 vb 3 cost 3
dva -1 dvb 2
no changes

-----
va 2 vb 5 cost 2
dva -1 dvb 1
no changes

-----
va 2 vb 4 cost 2
dva -1 dvb -2
no changes

-----
va 3 vb 4 cost 5
dva 2 dvb -2
no changes

-----
va 5 vb 4 cost -3
dva 1 dvb -2
no changes

-----
va 1 vb 2 cost -1
dva 0 dvb -1
no changes

-----
va 1 vb 3 cost 4
dva 0 dvb 2
no changes

-----
va 2 vb 3 cost 3
dva -1 dvb 2
no changes

-----
va 2 vb 5 cost 2
dva -1 dvb 1
no changes

-----
va 2 vb 4 cost 2
dva -1 dvb -2
no changes

-----
va 3 vb 4 cost 5
dva 2 dvb -2
no changes

-----
va 5 vb 4 cost -3
dva 1 dvb -2
no changes

-----
va 1 vb 2 cost -1
dva 0 dvb -1
no changes

-----
va 1 vb 3 cost 4
dva 0 dvb 2
no changes

-----
va 2 vb 3 cost 3
dva -1 dvb 2
no changes

-----
va 2 vb 5 cost 2
dva -1 dvb 1
no changes

-----
va 2 vb 4 cost 2
dva -1 dvb -2
no changes

-----
va 3 vb 4 cost 5
dva 2 dvb -2
no changes

-----
va 5 vb 4 cost -3
dva 1 dvb -2
no changes

-----
va 1 vb 2 cost -1
dva 0 dvb -1
no changes

-----
va 1 vb 3 cost 4
dva 0 dvb 2
no changes

-----
va 2 vb 3 cost 3
dva -1 dvb 2
no changes

-----
va 2 vb 5 cost 2
dva -1 dvb 1
no changes

-----
va 2 vb 4 cost 2
dva -1 dvb -2
no changes

-----
va 3 vb 4 cost 5
dva 2 dvb -2
no changes

-----
va 5 vb 4 cost -3
dva 1 dvb -2
no changes
[ Infinity, 0, -1, 2, -2, 1 ]
-2
